<?xml version="1.0" encoding="utf-8"?>
<test-run id="2" testcasecount="2" result="Passed" total="2" passed="2" failed="0" inconclusive="0" skipped="0" asserts="0" engine-version="3.5.0.0" clr-version="4.0.30319.42000" start-time="2026-06-06 22:49:36Z" end-time="2026-06-06 22:49:38Z" duration="2.4797306">
  <test-suite type="TestSuite" id="1013" name="Blood &amp; Glory" fullname="Blood &amp; Glory" runstate="Runnable" testcasecount="2" result="Passed" start-time="2026-06-06 22:49:36Z" end-time="2026-06-06 22:49:38Z" duration="2.479731" total="2" passed="2" failed="0" inconclusive="0" skipped="0" asserts="0">
    <properties>
      <property name="platform" value="PlayMode" />
    </properties>
    <test-suite type="Assembly" id="1005" name="BloodAndGlory.Combat.Tests.PlayMode.dll" fullname="/Users/ewanlynch/Documents/GitHub/BloodAndGlory/Library/ScriptAssemblies/BloodAndGlory.Combat.Tests.PlayMode.dll" runstate="Runnable" testcasecount="2" result="Passed" start-time="2026-06-06 22:49:36Z" end-time="2026-06-06 22:49:38Z" duration="2.465959" total="2" passed="2" failed="0" inconclusive="0" skipped="0" asserts="0">
      <properties>
        <property name="_PID" value="80688" />
        <property name="_APPDOMAIN" value="Unity Child Domain" />
        <property name="platform" value="PlayMode" />
        <property name="EditorOnly" value="False" />
      </properties>
      <test-suite type="TestSuite" id="1006" name="BloodAndGlory" fullname="BloodAndGlory" runstate="Runnable" testcasecount="2" result="Passed" start-time="2026-06-06 22:49:36Z" end-time="2026-06-06 22:49:38Z" duration="2.464040" total="2" passed="2" failed="0" inconclusive="0" skipped="0" asserts="0">
        <properties />
        <test-suite type="TestSuite" id="1007" name="Combat" fullname="BloodAndGlory.Combat" runstate="Runnable" testcasecount="2" result="Passed" start-time="2026-06-06 22:49:36Z" end-time="2026-06-06 22:49:38Z" duration="2.463272" total="2" passed="2" failed="0" inconclusive="0" skipped="0" asserts="0">
          <properties />
          <test-suite type="TestSuite" id="1008" name="Tests" fullname="BloodAndGlory.Combat.Tests" runstate="Runnable" testcasecount="2" result="Passed" start-time="2026-06-06 22:49:36Z" end-time="2026-06-06 22:49:38Z" duration="2.462424" total="2" passed="2" failed="0" inconclusive="0" skipped="0" asserts="0">
            <properties />
            <test-suite type="TestSuite" id="1009" name="PlayMode" fullname="BloodAndGlory.Combat.Tests.PlayMode" runstate="Runnable" testcasecount="2" result="Passed" start-time="2026-06-06 22:49:36Z" end-time="2026-06-06 22:49:38Z" duration="2.461897" total="2" passed="2" failed="0" inconclusive="0" skipped="0" asserts="0">
              <properties />
              <test-suite type="TestFixture" id="1001" name="CombatTrainingSceneSmokeTests" fullname="BloodAndGlory.Combat.Tests.PlayMode.CombatTrainingSceneSmokeTests" classname="BloodAndGlory.Combat.Tests.PlayMode.CombatTrainingSceneSmokeTests" runstate="Runnable" testcasecount="1" result="Passed" start-time="2026-06-06 22:49:36Z" end-time="2026-06-06 22:49:38Z" duration="2.191197" total="1" passed="1" failed="0" inconclusive="0" skipped="0" asserts="0">
                <properties />
                <test-case id="1002" name="CombatTrainingScene_Loads" fullname="BloodAndGlory.Combat.Tests.PlayMode.CombatTrainingSceneSmokeTests.CombatTrainingScene_Loads" methodname="CombatTrainingScene_Loads" classname="BloodAndGlory.Combat.Tests.PlayMode.CombatTrainingSceneSmokeTests" runstate="Runnable" seed="672477869" result="Passed" start-time="2026-06-06 22:49:36Z" end-time="2026-06-06 22:49:38Z" duration="2.164391" asserts="0">
                  <properties>
                    <property name="_JOINTYPE" value="UnityCombinatorial" />
                    <property name="retryIteration" value="0" />
                    <property name="repeatIteration" value="0" />
                  </properties>
                  <output><![CDATA[Failed to create agent because there is no valid NavMesh
]]></output>
                </test-case>
              </test-suite>
              <test-suite type="TestFixture" id="1003" name="WeaponSweepDriverPlayModeTests" fullname="BloodAndGlory.Combat.Tests.PlayMode.WeaponSweepDriverPlayModeTests" classname="BloodAndGlory.Combat.Tests.PlayMode.WeaponSweepDriverPlayModeTests" runstate="Runnable" testcasecount="1" result="Passed" start-time="2026-06-06 22:49:38Z" end-time="2026-06-06 22:49:38Z" duration="0.268637" total="1" passed="1" failed="0" inconclusive="0" skipped="0" asserts="0">
                <properties />
                <test-case id="1004" name="SweepAcrossHurtbox_EmitsHitProposal" fullname="BloodAndGlory.Combat.Tests.PlayMode.WeaponSweepDriverPlayModeTests.SweepAcrossHurtbox_EmitsHitProposal" methodname="SweepAcrossHurtbox_EmitsHitProposal" classname="BloodAndGlory.Combat.Tests.PlayMode.WeaponSweepDriverPlayModeTests" runstate="Runnable" seed="689595601" result="Passed" start-time="2026-06-06 22:49:38Z" end-time="2026-06-06 22:49:38Z" duration="0.072724" asserts="0">
                  <properties>
                    <property name="_JOINTYPE" value="UnityCombinatorial" />
                    <property name="retryIteration" value="0" />
                    <property name="repeatIteration" value="0" />
                  </properties>
                  <output><![CDATA[Saving results to: /Users/ewanlynch/Library/Application Support/DefaultCompany/Blood & Glory/TestResults.xml
]]></output>
                </test-case>
              </test-suite>
            </test-suite>
          </test-suite>
        </test-suite>
      </test-suite>
    </test-suite>
  </test-suite>
</test-run>